0 info it worked if it ends with ok
1 verbose cli [ '/usr/local/Cellar/node/7.4.0/bin/node',
1 verbose cli   '/usr/local/bin/npm',
1 verbose cli   'start' ]
2 info using npm@4.0.5
3 info using node@v7.4.0
4 verbose run-script [ 'prestart', 'start', 'poststart' ]
5 info lifecycle youlearn@0.0.0~prestart: youlearn@0.0.0
6 silly lifecycle youlearn@0.0.0~prestart: no script for prestart, continuing
7 info lifecycle youlearn@0.0.0~start: youlearn@0.0.0
8 verbose lifecycle youlearn@0.0.0~start: unsafe-perm in lifecycle true
9 verbose lifecycle youlearn@0.0.0~start: PATH: /usr/local/lib/node_modules/npm/bin/node-gyp-bin:/Users/bea/Development/learningspace/ubc/304/proj/node_modules/.bin:/Library/Frameworks/Python.framework/Versions/3.6/bin:/Users/bea/.rvm/gems/ruby-2.3.3/bin:/Users/bea/.rvm/gems/ruby-2.3.3@global/bin:/Users/bea/.rvm/rubies/ruby-2.3.3/bin:/usr/local/bin:/usr/bin:/bin:/usr/sbin:/sbin:/Users/bea/.rvm/bin:/Users/bea/bin:/usr/local/go/bin:/Users/bea/.android-sdk-macosx/platform-tools/:/Users/bea/.android-sdk-macosx/platform-tools/
10 verbose lifecycle youlearn@0.0.0~start: CWD: /Users/bea/Development/learningspace/ubc/304/proj
11 silly lifecycle youlearn@0.0.0~start: Args: [ '-c',
11 silly lifecycle   'webpack -d && mysql -u root < db/init.sql -p && mysql -u root < db/data.sql -p && nodemon app.js' ]
12 silly lifecycle youlearn@0.0.0~start: Returned: code: 1  signal: null
13 info lifecycle youlearn@0.0.0~start: Failed to exec start script
14 verbose stack Error: youlearn@0.0.0 start: `webpack -d && mysql -u root < db/init.sql -p && mysql -u root < db/data.sql -p && nodemon app.js`
14 verbose stack Exit status 1
14 verbose stack     at EventEmitter.<anonymous> (/usr/local/lib/node_modules/npm/lib/utils/lifecycle.js:279:16)
14 verbose stack     at emitTwo (events.js:106:13)
14 verbose stack     at EventEmitter.emit (events.js:191:7)
14 verbose stack     at ChildProcess.<anonymous> (/usr/local/lib/node_modules/npm/lib/utils/spawn.js:40:14)
14 verbose stack     at emitTwo (events.js:106:13)
14 verbose stack     at ChildProcess.emit (events.js:191:7)
14 verbose stack     at maybeClose (internal/child_process.js:885:16)
14 verbose stack     at Process.ChildProcess._handle.onexit (internal/child_process.js:226:5)
15 verbose pkgid youlearn@0.0.0
16 verbose cwd /Users/bea/Development/learningspace/ubc/304/proj
17 error Darwin 16.4.0
18 error argv "/usr/local/Cellar/node/7.4.0/bin/node" "/usr/local/bin/npm" "start"
19 error node v7.4.0
20 error npm  v4.0.5
21 error code ELIFECYCLE
22 error youlearn@0.0.0 start: `webpack -d && mysql -u root < db/init.sql -p && mysql -u root < db/data.sql -p && nodemon app.js`
22 error Exit status 1
23 error Failed at the youlearn@0.0.0 start script 'webpack -d && mysql -u root < db/init.sql -p && mysql -u root < db/data.sql -p && nodemon app.js'.
23 error Make sure you have the latest version of node.js and npm installed.
23 error If you do, this is most likely a problem with the youlearn package,
23 error not with npm itself.
23 error Tell the author that this fails on your system:
23 error     webpack -d && mysql -u root < db/init.sql -p && mysql -u root < db/data.sql -p && nodemon app.js
23 error You can get information on how to open an issue for this project with:
23 error     npm bugs youlearn
23 error Or if that isn't available, you can get their info via:
23 error     npm owner ls youlearn
23 error There is likely additional logging output above.
24 verbose exit [ 1, true ]
